<?xml version="1.0" encoding="UTF-8"?>
<coverage generated="1781084559605" clover="3.2.0">
  <project timestamp="1781084559606" name="All files">
    <metrics statements="37" coveredstatements="37" conditionals="12" coveredconditionals="12" methods="11" coveredmethods="11" elements="60" coveredelements="60" complexity="0" loc="37" ncloc="37" packages="1" files="2" classes="2"/>
    <file name="usePokemonDetail.ts" path="C:\pokedex-monorepo\packages\hooks\src\usePokemonDetail.ts">
      <metrics statements="14" coveredstatements="14" conditionals="6" coveredconditionals="6" methods="6" coveredmethods="6"/>
      <line num="6" count="11" type="stmt"/>
      <line num="7" count="11" type="stmt"/>
      <line num="8" count="11" type="stmt"/>
      <line num="10" count="11" type="stmt"/>
      <line num="11" count="5" type="stmt"/>
      <line num="12" count="5" type="stmt"/>
      <line num="13" count="5" type="stmt"/>
      <line num="14" count="5" type="stmt"/>
      <line num="16" count="3" type="cond" truecount="2" falsecount="0"/>
      <line num="19" count="2" type="cond" truecount="2" falsecount="0"/>
      <line num="22" count="5" type="cond" truecount="2" falsecount="0"/>
      <line num="24" count="5" type="stmt"/>
      <line num="25" count="5" type="stmt"/>
      <line num="29" count="11" type="stmt"/>
    </file>
    <file name="usePokemonList.ts" path="C:\pokedex-monorepo\packages\hooks\src\usePokemonList.ts">
      <metrics statements="23" coveredstatements="23" conditionals="6" coveredconditionals="6" methods="5" coveredmethods="5"/>
      <line num="5" count="1" type="stmt"/>
      <line num="8" count="16" type="stmt"/>
      <line num="9" count="16" type="stmt"/>
      <line num="10" count="16" type="stmt"/>
      <line num="11" count="16" type="stmt"/>
      <line num="12" count="16" type="stmt"/>
      <line num="14" count="16" type="stmt"/>
      <line num="15" count="6" type="stmt"/>
      <line num="16" count="6" type="stmt"/>
      <line num="17" count="6" type="stmt"/>
      <line num="18" count="6" type="stmt"/>
      <line num="19" count="5" type="cond" truecount="2" falsecount="0"/>
      <line num="20" count="5" type="stmt"/>
      <line num="22" count="1" type="stmt"/>
      <line num="24" count="6" type="stmt"/>
      <line num="28" count="16" type="stmt"/>
      <line num="29" count="4" type="stmt"/>
      <line num="32" count="16" type="stmt"/>
      <line num="33" count="4" type="cond" truecount="4" falsecount="0"/>
      <line num="34" count="2" type="stmt"/>
      <line num="35" count="2" type="stmt"/>
      <line num="36" count="2" type="stmt"/>
      <line num="40" count="16" type="stmt"/>
    </file>
  </project>
</coverage>
