{"C:\\pokedex-monorepo\\packages\\hooks\\src\\usePokemonDetail.ts": {"path":"C:\\pokedex-monorepo\\packages\\hooks\\src\\usePokemonDetail.ts","statementMap":{"0":{"start":{"line":6,"column":32},"end":{"line":6,"column":62}},"1":{"start":{"line":7,"column":32},"end":{"line":7,"column":46}},"2":{"start":{"line":8,"column":28},"end":{"line":8,"column":57}},"3":{"start":{"line":10,"column":2},"end":{"line":27,"column":17}},"4":{"start":{"line":11,"column":20},"end":{"line":11,"column":25}},"5":{"start":{"line":12,"column":4},"end":{"line":12,"column":21}},"6":{"start":{"line":13,"column":4},"end":{"line":13,"column":19}},"7":{"start":{"line":14,"column":4},"end":{"line":23,"column":9}},"8":{"start":{"line":16,"column":8},"end":{"line":16,"column":41}},"9":{"start":{"line":16,"column":24},"end":{"line":16,"column":41}},"10":{"start":{"line":19,"column":8},"end":{"line":19,"column":68}},"11":{"start":{"line":19,"column":24},"end":{"line":19,"column":68}},"12":{"start":{"line":22,"column":8},"end":{"line":22,"column":42}},"13":{"start":{"line":22,"column":24},"end":{"line":22,"column":42}},"14":{"start":{"line":24,"column":4},"end":{"line":26,"column":6}},"15":{"start":{"line":25,"column":6},"end":{"line":25,"column":23}},"16":{"start":{"line":29,"column":2},"end":{"line":29,"column":37}}},"fnMap":{"0":{"name":"usePokemonDetail","decl":{"start":{"line":5,"column":16},"end":{"line":5,"column":32}},"loc":{"start":{"line":5,"column":51},"end":{"line":30,"column":1}},"line":5},"1":{"name":"(anonymous_1)","decl":{"start":{"line":10,"column":12},"end":{"line":10,"column":13}},"loc":{"start":{"line":10,"column":18},"end":{"line":27,"column":3}},"line":10},"2":{"name":"(anonymous_2)","decl":{"start":{"line":15,"column":12},"end":{"line":15,"column":13}},"loc":{"start":{"line":15,"column":22},"end":{"line":17,"column":7}},"line":15},"3":{"name":"(anonymous_3)","decl":{"start":{"line":18,"column":13},"end":{"line":18,"column":14}},"loc":{"start":{"line":18,"column":19},"end":{"line":20,"column":7}},"line":18},"4":{"name":"(anonymous_4)","decl":{"start":{"line":21,"column":15},"end":{"line":21,"column":16}},"loc":{"start":{"line":21,"column":21},"end":{"line":23,"column":7}},"line":21},"5":{"name":"(anonymous_5)","decl":{"start":{"line":24,"column":11},"end":{"line":24,"column":12}},"loc":{"start":{"line":24,"column":17},"end":{"line":26,"column":5}},"line":24}},"branchMap":{"0":{"loc":{"start":{"line":16,"column":8},"end":{"line":16,"column":41}},"type":"if","locations":[{"start":{"line":16,"column":8},"end":{"line":16,"column":41}},{"start":{},"end":{}}],"line":16},"1":{"loc":{"start":{"line":19,"column":8},"end":{"line":19,"column":68}},"type":"if","locations":[{"start":{"line":19,"column":8},"end":{"line":19,"column":68}},{"start":{},"end":{}}],"line":19},"2":{"loc":{"start":{"line":22,"column":8},"end":{"line":22,"column":42}},"type":"if","locations":[{"start":{"line":22,"column":8},"end":{"line":22,"column":42}},{"start":{},"end":{}}],"line":22}},"s":{"0":11,"1":11,"2":11,"3":11,"4":5,"5":5,"6":5,"7":5,"8":3,"9":2,"10":2,"11":1,"12":5,"13":3,"14":5,"15":5,"16":11},"f":{"0":11,"1":5,"2":3,"3":2,"4":5,"5":5},"b":{"0":[2,1],"1":[1,1],"2":[3,2]},"_coverageSchema":"1a1c01bbd47fc00a2c39e90264f33305004495a9","hash":"fb6ca5dca86baf6011a12b9f54664cebc2fc0a0c"}
,"C:\\pokedex-monorepo\\packages\\hooks\\src\\usePokemonList.ts": {"path":"C:\\pokedex-monorepo\\packages\\hooks\\src\\usePokemonList.ts","statementMap":{"0":{"start":{"line":5,"column":18},"end":{"line":5,"column":20}},"1":{"start":{"line":8,"column":28},"end":{"line":8,"column":59}},"2":{"start":{"line":9,"column":30},"end":{"line":9,"column":41}},"3":{"start":{"line":10,"column":32},"end":{"line":10,"column":47}},"4":{"start":{"line":11,"column":28},"end":{"line":11,"column":57}},"5":{"start":{"line":12,"column":32},"end":{"line":12,"column":46}},"6":{"start":{"line":14,"column":15},"end":{"line":26,"column":8}},"7":{"start":{"line":15,"column":4},"end":{"line":15,"column":21}},"8":{"start":{"line":16,"column":4},"end":{"line":16,"column":19}},"9":{"start":{"line":17,"column":4},"end":{"line":25,"column":5}},"10":{"start":{"line":18,"column":19},"end":{"line":18,"column":67}},"11":{"start":{"line":19,"column":6},"end":{"line":19,"column":76}},"12":{"start":{"line":19,"column":26},"end":{"line":19,"column":73}},"13":{"start":{"line":20,"column":6},"end":{"line":20,"column":44}},"14":{"start":{"line":22,"column":6},"end":{"line":22,"column":60}},"15":{"start":{"line":24,"column":6},"end":{"line":24,"column":24}},"16":{"start":{"line":28,"column":2},"end":{"line":30,"column":13}},"17":{"start":{"line":29,"column":4},"end":{"line":29,"column":12}},"18":{"start":{"line":32,"column":19},"end":{"line":38,"column":38}},"19":{"start":{"line":33,"column":4},"end":{"line":37,"column":5}},"20":{"start":{"line":34,"column":19},"end":{"line":34,"column":37}},"21":{"start":{"line":35,"column":6},"end":{"line":35,"column":22}},"22":{"start":{"line":36,"column":6},"end":{"line":36,"column":17}},"23":{"start":{"line":40,"column":2},"end":{"line":40,"column":54}}},"fnMap":{"0":{"name":"usePokemonList","decl":{"start":{"line":7,"column":16},"end":{"line":7,"column":30}},"loc":{"start":{"line":7,"column":33},"end":{"line":41,"column":1}},"line":7},"1":{"name":"(anonymous_1)","decl":{"start":{"line":14,"column":27},"end":{"line":14,"column":28}},"loc":{"start":{"line":14,"column":60},"end":{"line":26,"column":3}},"line":14},"2":{"name":"(anonymous_2)","decl":{"start":{"line":19,"column":15},"end":{"line":19,"column":16}},"loc":{"start":{"line":19,"column":26},"end":{"line":19,"column":73}},"line":19},"3":{"name":"(anonymous_3)","decl":{"start":{"line":28,"column":12},"end":{"line":28,"column":13}},"loc":{"start":{"line":28,"column":18},"end":{"line":30,"column":3}},"line":28},"4":{"name":"(anonymous_4)","decl":{"start":{"line":32,"column":31},"end":{"line":32,"column":32}},"loc":{"start":{"line":32,"column":37},"end":{"line":38,"column":3}},"line":32}},"branchMap":{"0":{"loc":{"start":{"line":19,"column":26},"end":{"line":19,"column":73}},"type":"cond-expr","locations":[{"start":{"line":19,"column":48},"end":{"line":19,"column":52}},{"start":{"line":19,"column":55},"end":{"line":19,"column":73}}],"line":19},"1":{"loc":{"start":{"line":33,"column":4},"end":{"line":37,"column":5}},"type":"if","locations":[{"start":{"line":33,"column":4},"end":{"line":37,"column":5}},{"start":{},"end":{}}],"line":33},"2":{"loc":{"start":{"line":33,"column":8},"end":{"line":33,"column":27}},"type":"binary-expr","locations":[{"start":{"line":33,"column":8},"end":{"line":33,"column":16}},{"start":{"line":33,"column":20},"end":{"line":33,"column":27}}],"line":33}},"s":{"0":1,"1":16,"2":16,"3":16,"4":16,"5":16,"6":16,"7":6,"8":6,"9":6,"10":6,"11":5,"12":5,"13":5,"14":1,"15":6,"16":16,"17":4,"18":16,"19":4,"20":2,"21":2,"22":2,"23":16},"f":{"0":16,"1":6,"2":5,"3":4,"4":4},"b":{"0":[3,2],"1":[2,2],"2":[4,3]},"_coverageSchema":"1a1c01bbd47fc00a2c39e90264f33305004495a9","hash":"2f2e0cc43072954a1cc83254cd4e3f3dfdb0a0a5"}
}
