TN:
SF:src\usePokemonDetail.ts
FN:5,usePokemonDetail
FN:10,(anonymous_1)
FN:15,(anonymous_2)
FN:18,(anonymous_3)
FN:21,(anonymous_4)
FN:24,(anonymous_5)
FNF:6
FNH:6
FNDA:11,usePokemonDetail
FNDA:5,(anonymous_1)
FNDA:3,(anonymous_2)
FNDA:2,(anonymous_3)
FNDA:5,(anonymous_4)
FNDA:5,(anonymous_5)
DA:6,11
DA:7,11
DA:8,11
DA:10,11
DA:11,5
DA:12,5
DA:13,5
DA:14,5
DA:16,3
DA:19,2
DA:22,5
DA:24,5
DA:25,5
DA:29,11
LF:14
LH:14
BRDA:16,0,0,2
BRDA:16,0,1,1
BRDA:19,1,0,1
BRDA:19,1,1,1
BRDA:22,2,0,3
BRDA:22,2,1,2
BRF:6
BRH:6
end_of_record
TN:
SF:src\usePokemonList.ts
FN:7,usePokemonList
FN:14,(anonymous_1)
FN:19,(anonymous_2)
FN:28,(anonymous_3)
FN:32,(anonymous_4)
FNF:5
FNH:5
FNDA:16,usePokemonList
FNDA:6,(anonymous_1)
FNDA:5,(anonymous_2)
FNDA:4,(anonymous_3)
FNDA:4,(anonymous_4)
DA:5,1
DA:8,16
DA:9,16
DA:10,16
DA:11,16
DA:12,16
DA:14,16
DA:15,6
DA:16,6
DA:17,6
DA:18,6
DA:19,5
DA:20,5
DA:22,1
DA:24,6
DA:28,16
DA:29,4
DA:32,16
DA:33,4
DA:34,2
DA:35,2
DA:36,2
DA:40,16
LF:23
LH:23
BRDA:19,0,0,3
BRDA:19,0,1,2
BRDA:33,1,0,2
BRDA:33,1,1,2
BRDA:33,2,0,4
BRDA:33,2,1,3
BRF:6
BRH:6
end_of_record
