<?xml version="1.0" encoding="UTF-8"?>
<coverage generated="1781084285212" clover="3.2.0">
  <project timestamp="1781084285213" name="All files">
    <metrics statements="18" coveredstatements="18" conditionals="8" coveredconditionals="8" methods="9" coveredmethods="9" elements="35" coveredelements="35" complexity="0" loc="18" ncloc="18" packages="1" files="1" classes="1"/>
    <file name="index.ts" path="C:\pokedex-monorepo\packages\utils\src\index.ts">
      <metrics statements="18" coveredstatements="18" conditionals="8" coveredconditionals="8" methods="9" coveredmethods="9"/>
      <line num="3" count="1" type="stmt"/>
      <line num="6" count="7" type="stmt"/>
      <line num="7" count="7" type="stmt"/>
      <line num="11" count="5" type="stmt"/>
      <line num="15" count="5" type="stmt"/>
      <line num="16" count="3" type="stmt"/>
      <line num="17" count="3" type="stmt"/>
      <line num="22" count="5" type="stmt"/>
      <line num="23" count="5" type="cond" truecount="2" falsecount="0"/>
      <line num="24" count="4" type="stmt"/>
      <line num="25" count="4" type="stmt"/>
      <line num="29" count="2" type="stmt"/>
      <line num="30" count="2" type="cond" truecount="2" falsecount="0"/>
      <line num="31" count="1" type="stmt"/>
      <line num="35" count="8" type="stmt"/>
      <line num="43" count="8" type="cond" truecount="2" falsecount="0"/>
      <line num="47" count="3" type="stmt"/>
      <line num="51" count="3" type="stmt"/>
    </file>
  </project>
</coverage>
