{"C:\\pokedex-monorepo\\packages\\utils\\src\\index.ts": {"path":"C:\\pokedex-monorepo\\packages\\utils\\src\\index.ts","statementMap":{"0":{"start":{"line":3,"column":17},"end":{"line":3,"column":44}},"1":{"start":{"line":6,"column":16},"end":{"line":6,"column":49}},"2":{"start":{"line":7,"column":2},"end":{"line":7,"column":47}},"3":{"start":{"line":11,"column":2},"end":{"line":11,"column":117}},"4":{"start":{"line":15,"column":2},"end":{"line":18,"column":5}},"5":{"start":{"line":16,"column":15},"end":{"line":16,"column":41}},"6":{"start":{"line":17,"column":4},"end":{"line":17,"column":72}},"7":{"start":{"line":22,"column":14},"end":{"line":22,"column":80}},"8":{"start":{"line":23,"column":2},"end":{"line":23,"column":63}},"9":{"start":{"line":23,"column":15},"end":{"line":23,"column":63}},"10":{"start":{"line":24,"column":36},"end":{"line":24,"column":52}},"11":{"start":{"line":25,"column":2},"end":{"line":25,"column":45}},"12":{"start":{"line":29,"column":14},"end":{"line":29,"column":60}},"13":{"start":{"line":30,"column":2},"end":{"line":30,"column":71}},"14":{"start":{"line":30,"column":15},"end":{"line":30,"column":71}},"15":{"start":{"line":31,"column":2},"end":{"line":31,"column":40}},"16":{"start":{"line":35,"column":38},"end":{"line":42,"column":3}},"17":{"start":{"line":43,"column":2},"end":{"line":43,"column":27}},"18":{"start":{"line":47,"column":2},"end":{"line":47,"column":45}},"19":{"start":{"line":51,"column":2},"end":{"line":51,"column":46}}},"fnMap":{"0":{"name":"extractIdFromUrl","decl":{"start":{"line":5,"column":16},"end":{"line":5,"column":32}},"loc":{"start":{"line":5,"column":54},"end":{"line":8,"column":1}},"line":5},"1":{"name":"getOfficialArtworkUrl","decl":{"start":{"line":10,"column":16},"end":{"line":10,"column":37}},"loc":{"start":{"line":10,"column":58},"end":{"line":12,"column":1}},"line":10},"2":{"name":"mapListItemsToPokemon","decl":{"start":{"line":14,"column":16},"end":{"line":14,"column":37}},"loc":{"start":{"line":14,"column":83},"end":{"line":19,"column":1}},"line":14},"3":{"name":"(anonymous_3)","decl":{"start":{"line":15,"column":21},"end":{"line":15,"column":22}},"loc":{"start":{"line":15,"column":31},"end":{"line":18,"column":3}},"line":15},"4":{"name":"fetchPokemonList","decl":{"start":{"line":21,"column":22},"end":{"line":21,"column":38}},"loc":{"start":{"line":21,"column":91},"end":{"line":26,"column":1}},"line":21},"5":{"name":"fetchPokemon","decl":{"start":{"line":28,"column":22},"end":{"line":28,"column":34}},"loc":{"start":{"line":28,"column":80},"end":{"line":32,"column":1}},"line":28},"6":{"name":"formatStatName","decl":{"start":{"line":34,"column":16},"end":{"line":34,"column":30}},"loc":{"start":{"line":34,"column":53},"end":{"line":44,"column":1}},"line":34},"7":{"name":"formatHeight","decl":{"start":{"line":46,"column":16},"end":{"line":46,"column":28}},"loc":{"start":{"line":46,"column":57},"end":{"line":48,"column":1}},"line":46},"8":{"name":"formatWeight","decl":{"start":{"line":50,"column":16},"end":{"line":50,"column":28}},"loc":{"start":{"line":50,"column":57},"end":{"line":52,"column":1}},"line":50}},"branchMap":{"0":{"loc":{"start":{"line":21,"column":39},"end":{"line":21,"column":49}},"type":"default-arg","locations":[{"start":{"line":21,"column":47},"end":{"line":21,"column":49}}],"line":21},"1":{"loc":{"start":{"line":21,"column":51},"end":{"line":21,"column":61}},"type":"default-arg","locations":[{"start":{"line":21,"column":60},"end":{"line":21,"column":61}}],"line":21},"2":{"loc":{"start":{"line":23,"column":2},"end":{"line":23,"column":63}},"type":"if","locations":[{"start":{"line":23,"column":2},"end":{"line":23,"column":63}},{"start":{},"end":{}}],"line":23},"3":{"loc":{"start":{"line":30,"column":2},"end":{"line":30,"column":71}},"type":"if","locations":[{"start":{"line":30,"column":2},"end":{"line":30,"column":71}},{"start":{},"end":{}}],"line":30},"4":{"loc":{"start":{"line":43,"column":9},"end":{"line":43,"column":26}},"type":"binary-expr","locations":[{"start":{"line":43,"column":9},"end":{"line":43,"column":18}},{"start":{"line":43,"column":22},"end":{"line":43,"column":26}}],"line":43}},"s":{"0":1,"1":7,"2":7,"3":5,"4":5,"5":3,"6":3,"7":5,"8":5,"9":1,"10":4,"11":4,"12":2,"13":2,"14":1,"15":1,"16":8,"17":8,"18":3,"19":3},"f":{"0":7,"1":5,"2":5,"3":3,"4":5,"5":2,"6":8,"7":3,"8":3},"b":{"0":[2],"1":[2],"2":[1,4],"3":[1,1],"4":[8,2]},"_coverageSchema":"1a1c01bbd47fc00a2c39e90264f33305004495a9","hash":"09aeb715d948d48d1d22b5cae074ca5817ce2185"}
}
