TN:
SF:src\index.ts
FN:5,extractIdFromUrl
FN:10,getOfficialArtworkUrl
FN:14,mapListItemsToPokemon
FN:15,(anonymous_3)
FN:21,fetchPokemonList
FN:28,fetchPokemon
FN:34,formatStatName
FN:46,formatHeight
FN:50,formatWeight
FNF:9
FNH:9
FNDA:7,extractIdFromUrl
FNDA:5,getOfficialArtworkUrl
FNDA:5,mapListItemsToPokemon
FNDA:3,(anonymous_3)
FNDA:5,fetchPokemonList
FNDA:2,fetchPokemon
FNDA:8,formatStatName
FNDA:3,formatHeight
FNDA:3,formatWeight
DA:3,1
DA:6,7
DA:7,7
DA:11,5
DA:15,5
DA:16,3
DA:17,3
DA:22,5
DA:23,5
DA:24,4
DA:25,4
DA:29,2
DA:30,2
DA:31,1
DA:35,8
DA:43,8
DA:47,3
DA:51,3
LF:18
LH:18
BRDA:21,0,0,2
BRDA:21,1,0,2
BRDA:23,2,0,1
BRDA:23,2,1,4
BRDA:30,3,0,1
BRDA:30,3,1,1
BRDA:43,4,0,8
BRDA:43,4,1,2
BRF:8
BRH:8
end_of_record
