<?xml version="1.0" encoding="UTF-8"?>
<coverage generated="1781084210945" clover="3.2.0">
  <project timestamp="1781084210945" name="All files">
    <metrics statements="26" coveredstatements="26" conditionals="17" coveredconditionals="17" methods="16" coveredmethods="16" elements="59" coveredelements="59" complexity="0" loc="26" ncloc="26" packages="8" files="9" classes="9"/>
    <package name="buttons">
      <metrics statements="2" coveredstatements="2" conditionals="1" coveredconditionals="1" methods="1" coveredmethods="1"/>
      <file name="CustomButton.tsx" path="C:\pokedex-monorepo\packages\ui\src\stories\buttons\CustomButton.tsx">
        <metrics statements="2" coveredstatements="2" conditionals="1" coveredconditionals="1" methods="1" coveredmethods="1"/>
        <line num="10" count="1" type="stmt"/>
        <line num="15" count="4" type="stmt"/>
      </file>
    </package>
    <package name="card">
      <metrics statements="12" coveredstatements="12" conditionals="9" coveredconditionals="9" methods="9" coveredmethods="9"/>
      <file name="PokemonCard.tsx" path="C:\pokedex-monorepo\packages\ui\src\stories\card\PokemonCard.tsx">
        <metrics statements="9" coveredstatements="9" conditionals="7" coveredconditionals="7" methods="7" coveredmethods="7"/>
        <line num="22" count="1" type="stmt"/>
        <line num="24" count="7" type="cond" truecount="3" falsecount="0"/>
        <line num="28" count="8" type="stmt"/>
        <line num="29" count="8" type="stmt"/>
        <line num="31" count="7" type="stmt"/>
        <line num="56" count="7" type="stmt"/>
        <line num="90" count="7" type="stmt"/>
        <line num="106" count="1" type="stmt"/>
        <line num="142" count="7" type="stmt"/>
      </file>
      <file name="PokemonListCard.tsx" path="C:\pokedex-monorepo\packages\ui\src\stories\card\PokemonListCard.tsx">
        <metrics statements="3" coveredstatements="3" conditionals="2" coveredconditionals="2" methods="2" coveredmethods="2"/>
        <line num="10" count="1" type="stmt"/>
        <line num="11" count="3" type="stmt"/>
        <line num="38" count="2" type="stmt"/>
      </file>
    </package>
    <package name="emptyStates">
      <metrics statements="2" coveredstatements="2" conditionals="0" coveredconditionals="0" methods="1" coveredmethods="1"/>
      <file name="EmptyState.tsx" path="C:\pokedex-monorepo\packages\ui\src\stories\emptyStates\EmptyState.tsx">
        <metrics statements="2" coveredstatements="2" conditionals="0" coveredconditionals="0" methods="1" coveredmethods="1"/>
        <line num="5" count="1" type="stmt"/>
        <line num="6" count="2" type="stmt"/>
      </file>
    </package>
    <package name="errorState">
      <metrics statements="2" coveredstatements="2" conditionals="0" coveredconditionals="0" methods="1" coveredmethods="1"/>
      <file name="ErrorState.tsx" path="C:\pokedex-monorepo\packages\ui\src\stories\errorState\ErrorState.tsx">
        <metrics statements="2" coveredstatements="2" conditionals="0" coveredconditionals="0" methods="1" coveredmethods="1"/>
        <line num="10" count="1" type="stmt"/>
        <line num="14" count="4" type="stmt"/>
      </file>
    </package>
    <package name="headers">
      <metrics statements="2" coveredstatements="2" conditionals="0" coveredconditionals="0" methods="1" coveredmethods="1"/>
      <file name="PageHeader.tsx" path="C:\pokedex-monorepo\packages\ui\src\stories\headers\PageHeader.tsx">
        <metrics statements="2" coveredstatements="2" conditionals="0" coveredconditionals="0" methods="1" coveredmethods="1"/>
        <line num="12" count="1" type="stmt"/>
        <line num="16" count="3" type="stmt"/>
      </file>
    </package>
    <package name="loaders">
      <metrics statements="2" coveredstatements="2" conditionals="0" coveredconditionals="0" methods="1" coveredmethods="1"/>
      <file name="Loader.tsx" path="C:\pokedex-monorepo\packages\ui\src\stories\loaders\Loader.tsx">
        <metrics statements="2" coveredstatements="2" conditionals="0" coveredconditionals="0" methods="1" coveredmethods="1"/>
        <line num="8" count="1" type="stmt"/>
        <line num="9" count="2" type="stmt"/>
      </file>
    </package>
    <package name="statBar">
      <metrics statements="2" coveredstatements="2" conditionals="4" coveredconditionals="4" methods="1" coveredmethods="1"/>
      <file name="StatBar.tsx" path="C:\pokedex-monorepo\packages\ui\src\stories\statBar\StatBar.tsx">
        <metrics statements="2" coveredstatements="2" conditionals="4" coveredconditionals="4" methods="1" coveredmethods="1"/>
        <line num="9" count="2" type="stmt"/>
        <line num="10" count="13" type="stmt"/>
      </file>
    </package>
    <package name="typeBadge">
      <metrics statements="2" coveredstatements="2" conditionals="3" coveredconditionals="3" methods="1" coveredmethods="1"/>
      <file name="TypeBadge.tsx" path="C:\pokedex-monorepo\packages\ui\src\stories\typeBadge\TypeBadge.tsx">
        <metrics statements="2" coveredstatements="2" conditionals="3" coveredconditionals="3" methods="1" coveredmethods="1"/>
        <line num="4" count="3" type="stmt"/>
        <line num="31" count="14" type="stmt"/>
      </file>
    </package>
  </project>
</coverage>
