{"C:\\pokedex-monorepo\\packages\\ui\\src\\stories\\CustomButton.tsx": {"path":"C:\\pokedex-monorepo\\packages\\ui\\src\\stories\\CustomButton.tsx","statementMap":{"0":{"start":{"line":10,"column":28},"end":{"line":31,"column":1}},"1":{"start":{"line":15,"column":2},"end":{"line":30,"column":4}}},"fnMap":{"0":{"name":"(anonymous_0)","decl":{"start":{"line":10,"column":28},"end":{"line":10,"column":29}},"loc":{"start":{"line":14,"column":25},"end":{"line":31,"column":1}},"line":14}},"branchMap":{"0":{"loc":{"start":{"line":13,"column":2},"end":{"line":13,"column":18}},"type":"default-arg","locations":[{"start":{"line":13,"column":13},"end":{"line":13,"column":18}}],"line":13}},"s":{"0":1,"1":4},"f":{"0":4},"b":{"0":[2]},"_coverageSchema":"1a1c01bbd47fc00a2c39e90264f33305004495a9","hash":"e818b117a3677a8e82366a1e3c91e308930b2d23"}
,"C:\\pokedex-monorepo\\packages\\ui\\src\\stories\\EmptyState.tsx": {"path":"C:\\pokedex-monorepo\\packages\\ui\\src\\stories\\EmptyState.tsx","statementMap":{"0":{"start":{"line":5,"column":26},"end":{"line":22,"column":1}},"1":{"start":{"line":6,"column":2},"end":{"line":21,"column":4}}},"fnMap":{"0":{"name":"(anonymous_0)","decl":{"start":{"line":5,"column":26},"end":{"line":5,"column":27}},"loc":{"start":{"line":5,"column":32},"end":{"line":22,"column":1}},"line":5}},"branchMap":{},"s":{"0":1,"1":2},"f":{"0":2},"b":{},"_coverageSchema":"1a1c01bbd47fc00a2c39e90264f33305004495a9","hash":"9edbcb7d56fb110047284f800def0e81ece09d01"}
,"C:\\pokedex-monorepo\\packages\\ui\\src\\stories\\ErrorState.tsx": {"path":"C:\\pokedex-monorepo\\packages\\ui\\src\\stories\\ErrorState.tsx","statementMap":{"0":{"start":{"line":10,"column":26},"end":{"line":37,"column":1}},"1":{"start":{"line":14,"column":2},"end":{"line":36,"column":4}}},"fnMap":{"0":{"name":"(anonymous_0)","decl":{"start":{"line":10,"column":26},"end":{"line":10,"column":27}},"loc":{"start":{"line":13,"column":13},"end":{"line":37,"column":1}},"line":13}},"branchMap":{},"s":{"0":1,"1":4},"f":{"0":4},"b":{},"_coverageSchema":"1a1c01bbd47fc00a2c39e90264f33305004495a9","hash":"a02405453522246b4e8fcc56570f0ed268ed54c7"}
,"C:\\pokedex-monorepo\\packages\\ui\\src\\stories\\Loader.tsx": {"path":"C:\\pokedex-monorepo\\packages\\ui\\src\\stories\\Loader.tsx","statementMap":{"0":{"start":{"line":8,"column":22},"end":{"line":23,"column":1}},"1":{"start":{"line":9,"column":2},"end":{"line":22,"column":4}}},"fnMap":{"0":{"name":"(anonymous_0)","decl":{"start":{"line":8,"column":22},"end":{"line":8,"column":23}},"loc":{"start":{"line":8,"column":28},"end":{"line":23,"column":1}},"line":8}},"branchMap":{},"s":{"0":1,"1":2},"f":{"0":2},"b":{},"_coverageSchema":"1a1c01bbd47fc00a2c39e90264f33305004495a9","hash":"03a8a4cea9ab81fadd0d25caf4639b8f6d833d86"}
,"C:\\pokedex-monorepo\\packages\\ui\\src\\stories\\PageHeader.tsx": {"path":"C:\\pokedex-monorepo\\packages\\ui\\src\\stories\\PageHeader.tsx","statementMap":{"0":{"start":{"line":12,"column":26},"end":{"line":33,"column":1}},"1":{"start":{"line":16,"column":2},"end":{"line":32,"column":4}}},"fnMap":{"0":{"name":"(anonymous_0)","decl":{"start":{"line":12,"column":26},"end":{"line":12,"column":27}},"loc":{"start":{"line":15,"column":13},"end":{"line":33,"column":1}},"line":15}},"branchMap":{},"s":{"0":1,"1":3},"f":{"0":3},"b":{},"_coverageSchema":"1a1c01bbd47fc00a2c39e90264f33305004495a9","hash":"ed8037afd91ae574edc3c68d90bfddb86a4a01f9"}
,"C:\\pokedex-monorepo\\packages\\ui\\src\\stories\\PokemonCard.tsx": {"path":"C:\\pokedex-monorepo\\packages\\ui\\src\\stories\\PokemonCard.tsx","statementMap":{"0":{"start":{"line":18,"column":27},"end":{"line":56,"column":1}},"1":{"start":{"line":24,"column":2},"end":{"line":55,"column":4}}},"fnMap":{"0":{"name":"(anonymous_0)","decl":{"start":{"line":18,"column":27},"end":{"line":18,"column":28}},"loc":{"start":{"line":23,"column":24},"end":{"line":56,"column":1}},"line":23}},"branchMap":{},"s":{"0":1,"1":4},"f":{"0":4},"b":{},"_coverageSchema":"1a1c01bbd47fc00a2c39e90264f33305004495a9","hash":"063742b5e90b2b761505442d340b32369d165ffb"}
,"C:\\pokedex-monorepo\\packages\\ui\\src\\stories\\StatBar.tsx": {"path":"C:\\pokedex-monorepo\\packages\\ui\\src\\stories\\StatBar.tsx","statementMap":{"0":{"start":{"line":13,"column":23},"end":{"line":37,"column":1}},"1":{"start":{"line":17,"column":2},"end":{"line":36,"column":4}}},"fnMap":{"0":{"name":"(anonymous_0)","decl":{"start":{"line":13,"column":23},"end":{"line":13,"column":24}},"loc":{"start":{"line":16,"column":13},"end":{"line":37,"column":1}},"line":16}},"branchMap":{},"s":{"0":1,"1":4},"f":{"0":4},"b":{},"_coverageSchema":"1a1c01bbd47fc00a2c39e90264f33305004495a9","hash":"24cfe889f4f2ccb292195f2adcee5dbf83fb680b"}
}
