{"C:\\pokedex-monorepo\\packages\\ui\\src\\stories\\buttons\\CustomButton.tsx": {"path":"C:\\pokedex-monorepo\\packages\\ui\\src\\stories\\buttons\\CustomButton.tsx","statementMap":{"0":{"start":{"line":10,"column":28},"end":{"line":31,"column":1}},"1":{"start":{"line":15,"column":2},"end":{"line":30,"column":4}}},"fnMap":{"0":{"name":"(anonymous_0)","decl":{"start":{"line":10,"column":28},"end":{"line":10,"column":29}},"loc":{"start":{"line":14,"column":25},"end":{"line":31,"column":1}},"line":14}},"branchMap":{"0":{"loc":{"start":{"line":13,"column":2},"end":{"line":13,"column":18}},"type":"default-arg","locations":[{"start":{"line":13,"column":13},"end":{"line":13,"column":18}}],"line":13}},"s":{"0":1,"1":4},"f":{"0":4},"b":{"0":[2]},"_coverageSchema":"1a1c01bbd47fc00a2c39e90264f33305004495a9","hash":"9d656c692263fe219de29f088f764f638a0daa7d"}
,"C:\\pokedex-monorepo\\packages\\ui\\src\\stories\\card\\PokemonCard.tsx": {"path":"C:\\pokedex-monorepo\\packages\\ui\\src\\stories\\card\\PokemonCard.tsx","statementMap":{"0":{"start":{"line":22,"column":27},"end":{"line":172,"column":1}},"1":{"start":{"line":24,"column":4},"end":{"line":26,"column":37}},"2":{"start":{"line":28,"column":27},"end":{"line":28,"column":72}},"3":{"start":{"line":28,"column":59},"end":{"line":28,"column":71}},"4":{"start":{"line":29,"column":26},"end":{"line":29,"column":70}},"5":{"start":{"line":29,"column":58},"end":{"line":29,"column":69}},"6":{"start":{"line":31,"column":2},"end":{"line":171,"column":4}},"7":{"start":{"line":56,"column":16},"end":{"line":56,"column":76}},"8":{"start":{"line":90,"column":16},"end":{"line":96,"column":18}},"9":{"start":{"line":106,"column":20},"end":{"line":112,"column":22}},"10":{"start":{"line":142,"column":16},"end":{"line":146,"column":18}}},"fnMap":{"0":{"name":"(anonymous_0)","decl":{"start":{"line":22,"column":27},"end":{"line":22,"column":28}},"loc":{"start":{"line":22,"column":62},"end":{"line":172,"column":1}},"line":22},"1":{"name":"(anonymous_1)","decl":{"start":{"line":28,"column":52},"end":{"line":28,"column":53}},"loc":{"start":{"line":28,"column":59},"end":{"line":28,"column":71}},"line":28},"2":{"name":"(anonymous_2)","decl":{"start":{"line":29,"column":51},"end":{"line":29,"column":52}},"loc":{"start":{"line":29,"column":58},"end":{"line":29,"column":69}},"line":29},"3":{"name":"(anonymous_3)","decl":{"start":{"line":55,"column":33},"end":{"line":55,"column":34}},"loc":{"start":{"line":56,"column":16},"end":{"line":56,"column":76}},"line":56},"4":{"name":"(anonymous_4)","decl":{"start":{"line":89,"column":36},"end":{"line":89,"column":37}},"loc":{"start":{"line":90,"column":16},"end":{"line":96,"column":18}},"line":90},"5":{"name":"(anonymous_5)","decl":{"start":{"line":105,"column":39},"end":{"line":105,"column":40}},"loc":{"start":{"line":106,"column":20},"end":{"line":112,"column":22}},"line":106},"6":{"name":"(anonymous_6)","decl":{"start":{"line":141,"column":33},"end":{"line":141,"column":34}},"loc":{"start":{"line":142,"column":16},"end":{"line":146,"column":18}},"line":142}},"branchMap":{"0":{"loc":{"start":{"line":24,"column":4},"end":{"line":26,"column":37}},"type":"binary-expr","locations":[{"start":{"line":24,"column":4},"end":{"line":24,"column":63}},{"start":{"line":25,"column":4},"end":{"line":25,"column":34}},{"start":{"line":26,"column":4},"end":{"line":26,"column":37}}],"line":24},"1":{"loc":{"start":{"line":99,"column":13},"end":{"line":116,"column":13}},"type":"binary-expr","locations":[{"start":{"line":99,"column":13},"end":{"line":99,"column":39}},{"start":{"line":100,"column":14},"end":{"line":115,"column":17}}],"line":99},"2":{"loc":{"start":{"line":157,"column":15},"end":{"line":164,"column":15}},"type":"binary-expr","locations":[{"start":{"line":157,"column":15},"end":{"line":157,"column":45}},{"start":{"line":158,"column":16},"end":{"line":163,"column":18}}],"line":157}},"s":{"0":1,"1":7,"2":7,"3":8,"4":7,"5":8,"6":7,"7":7,"8":7,"9":1,"10":7},"f":{"0":7,"1":8,"2":8,"3":7,"4":7,"5":1,"6":7},"b":{"0":[7,2,1],"1":[7,1],"2":[7,6]},"_coverageSchema":"1a1c01bbd47fc00a2c39e90264f33305004495a9","hash":"de41d37d2f7246ba2de690d0c217e32881e5fd23"}
,"C:\\pokedex-monorepo\\packages\\ui\\src\\stories\\card\\PokemonListCard.tsx": {"path":"C:\\pokedex-monorepo\\packages\\ui\\src\\stories\\card\\PokemonListCard.tsx","statementMap":{"0":{"start":{"line":10,"column":31},"end":{"line":43,"column":1}},"1":{"start":{"line":11,"column":2},"end":{"line":42,"column":9}},"2":{"start":{"line":38,"column":36},"end":{"line":38,"column":66}}},"fnMap":{"0":{"name":"(anonymous_0)","decl":{"start":{"line":10,"column":31},"end":{"line":10,"column":32}},"loc":{"start":{"line":11,"column":2},"end":{"line":42,"column":9}},"line":11},"1":{"name":"(anonymous_1)","decl":{"start":{"line":38,"column":29},"end":{"line":38,"column":30}},"loc":{"start":{"line":38,"column":36},"end":{"line":38,"column":66}},"line":38}},"branchMap":{"0":{"loc":{"start":{"line":36,"column":7},"end":{"line":40,"column":7}},"type":"binary-expr","locations":[{"start":{"line":36,"column":7},"end":{"line":36,"column":20}},{"start":{"line":37,"column":8},"end":{"line":39,"column":16}}],"line":36}},"s":{"0":1,"1":3,"2":2},"f":{"0":3,"1":2},"b":{"0":[3,1]},"_coverageSchema":"1a1c01bbd47fc00a2c39e90264f33305004495a9","hash":"7bcaec5e560f443902efe5da3b5cf2c782269e1f"}
,"C:\\pokedex-monorepo\\packages\\ui\\src\\stories\\emptyStates\\EmptyState.tsx": {"path":"C:\\pokedex-monorepo\\packages\\ui\\src\\stories\\emptyStates\\EmptyState.tsx","statementMap":{"0":{"start":{"line":5,"column":26},"end":{"line":22,"column":1}},"1":{"start":{"line":6,"column":2},"end":{"line":21,"column":4}}},"fnMap":{"0":{"name":"(anonymous_0)","decl":{"start":{"line":5,"column":26},"end":{"line":5,"column":27}},"loc":{"start":{"line":5,"column":32},"end":{"line":22,"column":1}},"line":5}},"branchMap":{},"s":{"0":1,"1":2},"f":{"0":2},"b":{},"_coverageSchema":"1a1c01bbd47fc00a2c39e90264f33305004495a9","hash":"aea44772ad0e71c0cb01fe683f00c638763ce97d"}
,"C:\\pokedex-monorepo\\packages\\ui\\src\\stories\\errorState\\ErrorState.tsx": {"path":"C:\\pokedex-monorepo\\packages\\ui\\src\\stories\\errorState\\ErrorState.tsx","statementMap":{"0":{"start":{"line":10,"column":26},"end":{"line":37,"column":1}},"1":{"start":{"line":14,"column":2},"end":{"line":36,"column":4}}},"fnMap":{"0":{"name":"(anonymous_0)","decl":{"start":{"line":10,"column":26},"end":{"line":10,"column":27}},"loc":{"start":{"line":13,"column":13},"end":{"line":37,"column":1}},"line":13}},"branchMap":{},"s":{"0":1,"1":4},"f":{"0":4},"b":{},"_coverageSchema":"1a1c01bbd47fc00a2c39e90264f33305004495a9","hash":"55004a55603540aeae174f817504c365d3668a5b"}
,"C:\\pokedex-monorepo\\packages\\ui\\src\\stories\\headers\\PageHeader.tsx": {"path":"C:\\pokedex-monorepo\\packages\\ui\\src\\stories\\headers\\PageHeader.tsx","statementMap":{"0":{"start":{"line":12,"column":26},"end":{"line":33,"column":1}},"1":{"start":{"line":16,"column":2},"end":{"line":32,"column":4}}},"fnMap":{"0":{"name":"(anonymous_0)","decl":{"start":{"line":12,"column":26},"end":{"line":12,"column":27}},"loc":{"start":{"line":15,"column":13},"end":{"line":33,"column":1}},"line":15}},"branchMap":{},"s":{"0":1,"1":3},"f":{"0":3},"b":{},"_coverageSchema":"1a1c01bbd47fc00a2c39e90264f33305004495a9","hash":"418835b3ec5e6bdf53897c06e4ad5e40545acdc8"}
,"C:\\pokedex-monorepo\\packages\\ui\\src\\stories\\loaders\\Loader.tsx": {"path":"C:\\pokedex-monorepo\\packages\\ui\\src\\stories\\loaders\\Loader.tsx","statementMap":{"0":{"start":{"line":8,"column":22},"end":{"line":23,"column":1}},"1":{"start":{"line":9,"column":2},"end":{"line":22,"column":4}}},"fnMap":{"0":{"name":"(anonymous_0)","decl":{"start":{"line":8,"column":22},"end":{"line":8,"column":23}},"loc":{"start":{"line":8,"column":28},"end":{"line":23,"column":1}},"line":8}},"branchMap":{},"s":{"0":1,"1":2},"f":{"0":2},"b":{},"_coverageSchema":"1a1c01bbd47fc00a2c39e90264f33305004495a9","hash":"623b14d0954cfdb57778708f3605d49ede98d5f6"}
,"C:\\pokedex-monorepo\\packages\\ui\\src\\stories\\statBar\\StatBar.tsx": {"path":"C:\\pokedex-monorepo\\packages\\ui\\src\\stories\\statBar\\StatBar.tsx","statementMap":{"0":{"start":{"line":9,"column":23},"end":{"line":28,"column":1}},"1":{"start":{"line":10,"column":2},"end":{"line":27,"column":8}}},"fnMap":{"0":{"name":"(anonymous_0)","decl":{"start":{"line":9,"column":23},"end":{"line":9,"column":24}},"loc":{"start":{"line":10,"column":2},"end":{"line":27,"column":8}},"line":10}},"branchMap":{"0":{"loc":{"start":{"line":20,"column":19},"end":{"line":20,"column":93}},"type":"cond-expr","locations":[{"start":{"line":20,"column":33},"end":{"line":20,"column":47}},{"start":{"line":20,"column":50},"end":{"line":20,"column":93}}],"line":20},"1":{"loc":{"start":{"line":20,"column":50},"end":{"line":20,"column":93}},"type":"cond-expr","locations":[{"start":{"line":20,"column":64},"end":{"line":20,"column":78}},{"start":{"line":20,"column":81},"end":{"line":20,"column":93}}],"line":20}},"s":{"0":2,"1":13},"f":{"0":13},"b":{"0":[1,12],"1":[1,11]},"_coverageSchema":"1a1c01bbd47fc00a2c39e90264f33305004495a9","hash":"5015cb103d9b85c9d24108a1b85da9328238974f"}
,"C:\\pokedex-monorepo\\packages\\ui\\src\\stories\\typeBadge\\TypeBadge.tsx": {"path":"C:\\pokedex-monorepo\\packages\\ui\\src\\stories\\typeBadge\\TypeBadge.tsx","statementMap":{"0":{"start":{"line":4,"column":44},"end":{"line":23,"column":1}},"1":{"start":{"line":31,"column":2},"end":{"line":42,"column":4}}},"fnMap":{"0":{"name":"TypeBadge","decl":{"start":{"line":30,"column":16},"end":{"line":30,"column":25}},"loc":{"start":{"line":30,"column":68},"end":{"line":43,"column":1}},"line":30}},"branchMap":{"0":{"loc":{"start":{"line":30,"column":34},"end":{"line":30,"column":48}},"type":"default-arg","locations":[{"start":{"line":30,"column":41},"end":{"line":30,"column":48}}],"line":30},"1":{"loc":{"start":{"line":36,"column":25},"end":{"line":36,"column":55}},"type":"binary-expr","locations":[{"start":{"line":36,"column":25},"end":{"line":36,"column":42}},{"start":{"line":36,"column":46},"end":{"line":36,"column":55}}],"line":36}},"s":{"0":3,"1":14},"f":{"0":14},"b":{"0":[6],"1":[14,1]},"_coverageSchema":"1a1c01bbd47fc00a2c39e90264f33305004495a9","hash":"6a1a9d3e8fd978db84806fe410720b1f0975f023"}
}
