TN:
SF:src\stories\buttons\CustomButton.tsx
FN:10,(anonymous_0)
FNF:1
FNH:1
FNDA:4,(anonymous_0)
DA:10,1
DA:15,4
LF:2
LH:2
BRDA:13,0,0,2
BRF:1
BRH:1
end_of_record
TN:
SF:src\stories\card\PokemonCard.tsx
FN:22,(anonymous_0)
FN:28,(anonymous_1)
FN:29,(anonymous_2)
FN:55,(anonymous_3)
FN:89,(anonymous_4)
FN:105,(anonymous_5)
FN:141,(anonymous_6)
FNF:7
FNH:7
FNDA:7,(anonymous_0)
FNDA:8,(anonymous_1)
FNDA:8,(anonymous_2)
FNDA:7,(anonymous_3)
FNDA:7,(anonymous_4)
FNDA:1,(anonymous_5)
FNDA:7,(anonymous_6)
DA:22,1
DA:24,7
DA:28,8
DA:29,8
DA:31,7
DA:56,7
DA:90,7
DA:106,1
DA:142,7
LF:9
LH:9
BRDA:24,0,0,7
BRDA:24,0,1,2
BRDA:24,0,2,1
BRDA:99,1,0,7
BRDA:99,1,1,1
BRDA:157,2,0,7
BRDA:157,2,1,6
BRF:7
BRH:7
end_of_record
TN:
SF:src\stories\card\PokemonListCard.tsx
FN:10,(anonymous_0)
FN:38,(anonymous_1)
FNF:2
FNH:2
FNDA:3,(anonymous_0)
FNDA:2,(anonymous_1)
DA:10,1
DA:11,3
DA:38,2
LF:3
LH:3
BRDA:36,0,0,3
BRDA:36,0,1,1
BRF:2
BRH:2
end_of_record
TN:
SF:src\stories\emptyStates\EmptyState.tsx
FN:5,(anonymous_0)
FNF:1
FNH:1
FNDA:2,(anonymous_0)
DA:5,1
DA:6,2
LF:2
LH:2
BRF:0
BRH:0
end_of_record
TN:
SF:src\stories\errorState\ErrorState.tsx
FN:10,(anonymous_0)
FNF:1
FNH:1
FNDA:4,(anonymous_0)
DA:10,1
DA:14,4
LF:2
LH:2
BRF:0
BRH:0
end_of_record
TN:
SF:src\stories\headers\PageHeader.tsx
FN:12,(anonymous_0)
FNF:1
FNH:1
FNDA:3,(anonymous_0)
DA:12,1
DA:16,3
LF:2
LH:2
BRF:0
BRH:0
end_of_record
TN:
SF:src\stories\loaders\Loader.tsx
FN:8,(anonymous_0)
FNF:1
FNH:1
FNDA:2,(anonymous_0)
DA:8,1
DA:9,2
LF:2
LH:2
BRF:0
BRH:0
end_of_record
TN:
SF:src\stories\statBar\StatBar.tsx
FN:9,(anonymous_0)
FNF:1
FNH:1
FNDA:13,(anonymous_0)
DA:9,2
DA:10,13
LF:2
LH:2
BRDA:20,0,0,1
BRDA:20,0,1,12
BRDA:20,1,0,1
BRDA:20,1,1,11
BRF:4
BRH:4
end_of_record
TN:
SF:src\stories\typeBadge\TypeBadge.tsx
FN:30,TypeBadge
FNF:1
FNH:1
FNDA:14,TypeBadge
DA:4,3
DA:31,14
LF:2
LH:2
BRDA:30,0,0,6
BRDA:36,1,0,14
BRDA:36,1,1,1
BRF:3
BRH:3
end_of_record
